<?xml version="1.0" encoding="UTF-8"?>
<!-- Generated by org.testng.reporters.JUnitXMLReporter -->
<testsuite ignored="4" hostname="DESKTOP-VAQKFJ2" failures="0" tests="1" name="Default test" time="29.165" errors="0" timestamp="20 May 2024 11:07:23 GMT">
  <testcase classname="com.testSuites.E_Commerece_FillForm" name="TC_005_verifyUserAbleToCompletePurchaseOrder" time="19.893"/>
  <testcase classname="com.testSuites.E_Commerece_FillForm" name="TC_002_VerifyToastMessageWithoutFillingNamefield" time="0.0">
    <ignored/>
  </testcase> <!-- TC_002_VerifyToastMessageWithoutFillingNamefield -->
  <testcase classname="com.testSuites.E_Commerece_FillForm" name="TC_003_verifyWhethertheProductAddedToCart" time="0.0">
    <ignored/>
  </testcase> <!-- TC_003_verifyWhethertheProductAddedToCart -->
  <testcase classname="com.testSuites.E_Commerece_FillForm" name="TC_004_verifySumOfProductPrice" time="0.0">
    <ignored/>
  </testcase> <!-- TC_004_verifySumOfProductPrice -->
  <testcase classname="com.testSuites.E_Commerece_FillForm" name="TC_001_verifyUserAbletoFillTheForm" time="0.0">
    <ignored/>
  </testcase> <!-- TC_001_verifyUserAbletoFillTheForm -->
</testsuite> <!-- Default test -->
