<?xml version="1.0" encoding="UTF-8"?>
<testng-results ignored="4" total="5" passed="1" failed="0" skipped="0">
  <reporter-output>
  </reporter-output>
  <suite started-at="2024-05-20T11:06:54Z" name="Default suite" finished-at="2024-05-20T11:07:23Z" duration-ms="29165">
    <groups>
    </groups>
    <test started-at="2024-05-20T11:06:54Z" name="Default test" finished-at="2024-05-20T11:07:23Z" duration-ms="29165">
      <class name="com.testSuites.E_Commerece_FillForm">
        <test-method is-config="true" signature="initiateDriver()[pri:0, instance:com.testSuites.E_Commerece_FillForm@74bf1791]" started-at="2024-05-20T11:06:54Z" name="initiateDriver" finished-at="2024-05-20T11:07:03Z" duration-ms="8618" status="PASS">
          <reporter-output>
          </reporter-output>
        </test-method> <!-- initiateDriver -->
        <test-method signature="TC_005_verifyUserAbleToCompletePurchaseOrder()[pri:0, instance:com.testSuites.E_Commerece_FillForm@74bf1791]" started-at="2024-05-20T11:07:03Z" name="TC_005_verifyUserAbleToCompletePurchaseOrder" finished-at="2024-05-20T11:07:23Z" duration-ms="19893" status="PASS">
          <reporter-output>
          </reporter-output>
        </test-method> <!-- TC_005_verifyUserAbleToCompletePurchaseOrder -->
        <test-method is-config="true" signature="tearDown()[pri:0, instance:com.testSuites.E_Commerece_FillForm@74bf1791]" started-at="2024-05-20T11:07:23Z" name="tearDown" finished-at="2024-05-20T11:07:23Z" duration-ms="622" status="PASS">
          <reporter-output>
          </reporter-output>
        </test-method> <!-- tearDown -->
      </class> <!-- com.testSuites.E_Commerece_FillForm -->
    </test> <!-- Default test -->
  </suite> <!-- Default suite -->
</testng-results>
